<?xml version="1.0" encoding="UTF-8"?>

<beans xmlns="http://www.springframework.org/schema/beans"
       xmlns:xsi="http://www.w3.org/2001/XMLSchema-instance"
       xmlns:context="http://www.springframework.org/schema/context"
       xmlns:tx="http://www.springframework.org/schema/tx"

       xsi:schemaLocation="http://www.springframework.org/schema/beans http://www.springframework.org/schema/beans/spring-beans-3.1.xsd
                http://www.springframework.org/schema/context http://www.springframework.org/schema/context/spring-context-3.1.xsd
                http://www.springframework.org/schema/tx http://www.springframework.org/schema/tx/spring-tx.xsd">

    <context:annotation-config />
    <context:component-scan base-package="com.app.coins" />
    <context:property-placeholder location="test-config.properties" />

    <tx:annotation-driven transaction-manager="transactionManager" />

    <bean id="dataSource" class="org.springframework.jdbc.datasource.DriverManagerDataSource">
        <property name="driverClassName" value="${db.driver}" />
        <property name="url" value="${db.url}" />
        <property name="username" value="${db.user}" />
        <property name="password" value="${db.password}" />
    </bean>

    <bean id="transactionManager" class="org.springframework.orm.hibernate4.HibernateTransactionManager">
        <property name="sessionFactory" ref="sessionFactory" />
    </bean>

    <bean id="sessionFactory" class="org.springframework.orm.hibernate4.LocalSessionFactoryBean">
        <property name="dataSource" ref="dataSource" />
        <property name="packagesToScan" value="com.app.coins.domain" />
        <property name="hibernateProperties">
            <props>
                <prop key="hibernate.dialect">org.hibernate.dialect.MySQLDialect</prop>
                <prop key="hibernate.show_sql">true</prop>
            </props>
        </property>
    </bean>

    <bean id="mailSender" class="org.springframework.mail.javamail.JavaMailSenderImpl">
        <property name="host" value="localhost" />
        <property name="port" value="25" />
    </bean>

    <bean id="mailService" class="com.app.coins.service.MailServiceImpl">
        <property name="mailSender" ref="mailSender" />
    </bean>

    <bean id="parsingUtil" class="com.app.coins.pricetype.ParsingUtil">
        <property name="filePath" value="${price.file.path}" />
    </bean>

    <bean id="notificationService" class="com.app.coins.service.NotificationServiceImpl">
        <property name="adminAddress" value="${admin.email}" />
        <property name="supervisorAddress" value="${supervisor.email}" />
    </bean>

    <!-- Dao -->

    <bean id="coinDao" class="com.app.coins.dao.GenericDaoImpl">
        <constructor-arg value="com.app.coins.domain.Coin"/>
        <property name="sessionFactory" ref="sessionFactory"/>
    </bean>

    <bean id="countryDao" class="com.app.coins.dao.GenericDaoImpl">
        <constructor-arg value="com.app.coins.domain.Country"/>
        <property name="sessionFactory" ref="sessionFactory"/>
    </bean>

    <bean id="subscriberDao" class="com.app.coins.dao.GenericDaoImpl">
        <constructor-arg value="com.app.coins.domain.Subscriber"/>
        <property name="sessionFactory" ref="sessionFactory"/>
    </bean>

</beans>